  Animation.cpp
  Bitmask.cpp
  C_Animation.cpp
  C_KeyboardMovement.cpp
  C_Sprite.cpp
  C_Transform.cpp
  Game.cpp
  Input.cpp
  Main.cpp
  Object.cpp
C:\Users\ue0teg\Desktop\SFML_game_example\SFML_game_example\Object.cpp(8,16): warning C4267: 'initializing': conversion from 'size_t' to 'int', possible loss of data
C:\Users\ue0teg\Desktop\SFML_game_example\SFML_game_example\Object.cpp(13,16): warning C4267: 'initializing': conversion from 'size_t' to 'int', possible loss of data
C:\Users\ue0teg\Desktop\SFML_game_example\SFML_game_example\Object.cpp(18,16): warning C4267: 'initializing': conversion from 'size_t' to 'int', possible loss of data
C:\Users\ue0teg\Desktop\SFML_game_example\SFML_game_example\Object.cpp(23,16): warning C4267: 'initializing': conversion from 'size_t' to 'int', possible loss of data
C:\Users\ue0teg\Desktop\SFML_game_example\SFML_game_example\Object.cpp(28,16): warning C4267: 'initializing': conversion from 'size_t' to 'int', possible loss of data
  ObjectCollection.cpp
  ObjectCollection.h
  SceneGame.cpp
  SceneSplashScreen.cpp
C:\Users\ue0teg\Desktop\SFML_game_example\SFML_game_example\SceneSplashScreen.cpp(29,62): warning C4244: 'argument': conversion from 'T' to 'float', possible loss of data
C:\Users\ue0teg\Desktop\SFML_game_example\SFML_game_example\SceneSplashScreen.cpp(29,62): warning C4244:         with
C:\Users\ue0teg\Desktop\SFML_game_example\SFML_game_example\SceneSplashScreen.cpp(29,62): warning C4244:         [
C:\Users\ue0teg\Desktop\SFML_game_example\SFML_game_example\SceneSplashScreen.cpp(29,62): warning C4244:             T=unsigned int
C:\Users\ue0teg\Desktop\SFML_game_example\SFML_game_example\SceneSplashScreen.cpp(29,62): warning C4244:         ]
C:\Users\ue0teg\Desktop\SFML_game_example\SFML_game_example\SceneSplashScreen.cpp(29,46): warning C4244: 'argument': conversion from 'T' to 'float', possible loss of data
C:\Users\ue0teg\Desktop\SFML_game_example\SFML_game_example\SceneSplashScreen.cpp(29,46): warning C4244:         with
C:\Users\ue0teg\Desktop\SFML_game_example\SFML_game_example\SceneSplashScreen.cpp(29,46): warning C4244:         [
C:\Users\ue0teg\Desktop\SFML_game_example\SFML_game_example\SceneSplashScreen.cpp(29,46): warning C4244:             T=unsigned int
C:\Users\ue0teg\Desktop\SFML_game_example\SFML_game_example\SceneSplashScreen.cpp(29,46): warning C4244:         ]
  SceneStateMachine.cpp
  Window.cpp
  Generating Code...
x64\Debug\ObjectCollection.obj : warning LNK4042: object specified more than once; extras ignored
  SFML_game_example.vcxproj -> C:\Users\ue0teg\Desktop\SFML_game_example\x64\Debug\SFML_game_example.exe
